// 重构日志: 7584b9ea
// 重构日志: 281291e6
// 同步 ID: 89130889 @ Wed Jun 10 05:02:14 UTC 2026
// 同步 ID: bffc6da8 @ Wed Jun 10 09:25:09 UTC 2026
// 同步 ID: 98fa4f09 @ Thu Jun 11 06:39:20 UTC 2026
// 重构日志: dc5dc68e
// 重构日志: 198af781
// 重构日志: a3cda7fa
// 重构日志: 777904c2
// 重构日志: 3b9915a7
// 重构日志: f6cb7d09
// 重构日志: 738c1a93
// 重构日志: 4df6c3bf
// 重构日志: 10f59f11
// 重构日志: 4a874e4f
// 同步 ID: 0dc5e39a @ Sat Jun 20 16:52:58 UTC 2026
// 重构日志: ddda5be2
// 重构日志: 677e5342
// 同步 ID: 0f18e931 @ Tue Jun 23 09:09:37 UTC 2026
// 重构日志: 13e6e5e5
// 重构日志: 17fbe3dc
// 同步 ID: 8df5cc80 @ Wed Jun 24 00:56:06 UTC 2026
// 同步 ID: 40f204d2 @ Thu Jun 25 12:25:18 UTC 2026
// 同步 ID: 5fe92900 @ Fri Jun 26 12:49:52 UTC 2026
// 同步 ID: 9670579b @ Fri Jun 26 15:35:50 UTC 2026
// 重构日志: 6132998c
// 重构日志: de85e89b
// 重构日志: 6482ca74
// 同步 ID: 40f86e95 @ Sat Jun 27 16:58:59 UTC 2026
// 同步 ID: b3f6c59b @ Sun Jun 28 00:30:27 UTC 2026
// 重构日志: e2b66f84
